> Task :compileJava UP-TO-DATE
> Task :processResources UP-TO-DATE
> Task :classes UP-TO-DATE
> Task :resolveMainClassName UP-TO-DATE

> Task :bootRun

  .   ____          _            __ _ _
 /\\ / ___'_ __ _ _(_)_ __  __ _ \ \ \ \
( ( )\___ | '_ | '_| | '_ \/ _` | \ \ \ \
 \\/  ___)| |_)| | | | | || (_| |  ) ) ) )
  '  |____| .__|_| |_|_| |_\__, | / / / /
 =========|_|==============|___/=/_/_/_/

 :: Spring Boot ::                (v4.0.3)

2026-03-08T19:54:10.586+09:00  INFO 37872 --- [wellwater] [           main] c.e.wellwater.WellwaterApplication       : Starting WellwaterApplication using Java 21.0.9 with PID 37872 (C:\Development\Owner\wellwater\build\classes\java\main started by tlsgu in C:\Development\Owner\wellwater)
2026-03-08T19:54:10.590+09:00  INFO 37872 --- [wellwater] [           main] c.e.wellwater.WellwaterApplication       : No active profile set, falling back to 1 default profile: "default"
2026-03-08T19:54:11.636+09:00  INFO 37872 --- [wellwater] [           main] o.s.boot.tomcat.TomcatWebServer          : Tomcat initialized with port 8080 (http)
2026-03-08T19:54:11.655+09:00  INFO 37872 --- [wellwater] [           main] o.apache.catalina.core.StandardService   : Starting service [Tomcat]
2026-03-08T19:54:11.655+09:00  INFO 37872 --- [wellwater] [           main] o.apache.catalina.core.StandardEngine    : Starting Servlet engine: [Apache Tomcat/11.0.18]
2026-03-08T19:54:11.719+09:00  INFO 37872 --- [wellwater] [           main] b.w.c.s.WebApplicationContextInitializer : Root WebApplicationContext: initialization completed in 1072 ms
2026-03-08T19:54:12.621+09:00  WARN 37872 --- [wellwater] [           main] ConfigServletWebServerApplicationContext : Exception encountered during context initialization - cancelling refresh attempt: org.springframework.context.ApplicationContextException: Failed to start bean 'webServerStartStop'
2026-03-08T19:54:12.632+09:00  INFO 37872 --- [wellwater] [           main] .s.b.a.l.ConditionEvaluationReportLogger : 

Error starting ApplicationContext. To display the condition evaluation report re-run your application with 'debug' enabled.
2026-03-08T19:54:12.645+09:00 ERROR 37872 --- [wellwater] [           main] o.s.b.d.LoggingFailureAnalysisReporter   : 

***************************
APPLICATION FAILED TO START
***************************

Description:

Web server failed to start. Port 8080 was already in use.

Action:

Identify and stop the process that's listening on port 8080 or configure this application to listen on another port.


> Task :bootRun FAILED

[Incubating] Problems report is available at: file:///C:/Development/Owner/wellwater/build/reports/problems/problems-report.html

Deprecated Gradle features were used in this build, making it incompatible with Gradle 10.

You can use '--warning-mode all' to show the individual deprecation warnings and determine if they come from your own scripts or plugins.

For more on this, please refer to https://docs.gradle.org/9.3.1/userguide/command_line_interface.html#sec:command_line_warnings in the Gradle documentation.
4 actionable tasks: 1 executed, 3 up-to-date
